{
  "stats": {
    "suites": 4,
    "tests": 9,
    "passes": 9,
    "pending": 0,
    "failures": 0,
    "start": "2019-07-16T06:13:13.690Z",
    "end": "2019-07-16T06:13:19.938Z",
    "duration": 6248,
    "testsRegistered": 9,
    "passPercent": 100,
    "pendingPercent": 0,
    "other": 0,
    "hasOther": false,
    "skipped": 0,
    "hasSkipped": false
  },
  "results": [
    {
      "uuid": "5fc330e0-30e7-4337-b56d-b5e18e4d7445",
      "title": "",
      "fullFile": "",
      "file": "",
      "beforeHooks": [],
      "afterHooks": [],
      "tests": [],
      "suites": [
        {
          "uuid": "dfe9b8e8-7c37-444d-8ea8-a6d86ccf443c",
          "title": "Demo",
          "fullFile": "/Users/design_work/Desktop/vue-test/vue-test/test/demo-1.test.js",
          "file": "/test/demo-1.test.js",
          "beforeHooks": [],
          "afterHooks": [],
          "tests": [
            {
              "title": "单价10块钱的3件商品小计金额应该是30块",
              "fullTitle": "Demo 单价10块钱的3件商品小计金额应该是30块",
              "timedOut": false,
              "duration": 0,
              "state": "passed",
              "speed": "fast",
              "pass": true,
              "fail": false,
              "pending": false,
              "context": null,
              "code": "var subtotal = demo.subtotal(10,3);\nexpect(subtotal).to.equal(30);",
              "err": {},
              "uuid": "bf4739f8-fabf-4d36-b6de-94635a038070",
              "parentUUID": "dfe9b8e8-7c37-444d-8ea8-a6d86ccf443c",
              "isHook": false,
              "skipped": false
            },
            {
              "title": "加载豆瓣api，返回的数据，应该包含subjects属性",
              "fullTitle": "Demo 加载豆瓣api，返回的数据，应该包含subjects属性",
              "timedOut": false,
              "duration": 1444,
              "state": "passed",
              "speed": "slow",
              "pass": true,
              "fail": false,
              "pending": false,
              "context": null,
              "code": "demo.fetchData(\"top250\",function(data){\n    expect(data).to.have.property(\"subjects\");\n    done();\n})",
              "err": {},
              "uuid": "aedbb404-0bef-467f-aca1-db2120d7594c",
              "parentUUID": "dfe9b8e8-7c37-444d-8ea8-a6d86ccf443c",
              "isHook": false,
              "skipped": false
            },
            {
              "title": "加载豆瓣api，返回的数据，subjects应为数组类型",
              "fullTitle": "Demo 加载豆瓣api，返回的数据，subjects应为数组类型",
              "timedOut": false,
              "duration": 1204,
              "state": "passed",
              "speed": "slow",
              "pass": true,
              "fail": false,
              "pending": false,
              "context": null,
              "code": "demo.fetchData(\"top250\", function (data) {\n    var subjects = data.subjects;\n    expect(subjects).to.be.a(\"array\");\n    done();\n})",
              "err": {},
              "uuid": "2ae67495-36f8-4894-a18d-918b79645be5",
              "parentUUID": "dfe9b8e8-7c37-444d-8ea8-a6d86ccf443c",
              "isHook": false,
              "skipped": false
            },
            {
              "title": "加载豆瓣api，返回的数据，subjects长度应为20",
              "fullTitle": "Demo 加载豆瓣api，返回的数据，subjects长度应为20",
              "timedOut": false,
              "duration": 1820,
              "state": "passed",
              "speed": "slow",
              "pass": true,
              "fail": false,
              "pending": false,
              "context": null,
              "code": "demo.fetchData(\"top250\", function (data) {\n    var subjects = data.subjects;\n    expect(subjects).to.have.length(20);\n    done();\n})",
              "err": {},
              "uuid": "a7c354c0-e3cf-4460-96e0-32d340f811f7",
              "parentUUID": "dfe9b8e8-7c37-444d-8ea8-a6d86ccf443c",
              "isHook": false,
              "skipped": false
            },
            {
              "title": "加载豆瓣api，返回的数据，title属性应该是字符串类型的",
              "fullTitle": "Demo 加载豆瓣api，返回的数据，title属性应该是字符串类型的",
              "timedOut": false,
              "duration": 1767,
              "state": "passed",
              "speed": "slow",
              "pass": true,
              "fail": false,
              "pending": false,
              "context": null,
              "code": "demo.fetchData(\"top250\", function (data) {\n    var title = data.subjects[0].title\n    expect(title).to.be.a(\"string\");\n    expect(title).to.equal(\"肖申克的救赎\")\n    done();\n})",
              "err": {},
              "uuid": "46c63eb8-bfea-4847-94b6-49c71875766e",
              "parentUUID": "dfe9b8e8-7c37-444d-8ea8-a6d86ccf443c",
              "isHook": false,
              "skipped": false
            },
            {
              "title": "给汽车引擎加水是不能接受的事情",
              "fullTitle": "Demo 给汽车引擎加水是不能接受的事情",
              "timedOut": false,
              "duration": 0,
              "state": "passed",
              "speed": "fast",
              "pass": true,
              "fail": false,
              "pending": false,
              "context": null,
              "code": "expect(function(){\n    demo.engine(\"water\");\n}).to.throw(\"not accept\")",
              "err": {},
              "uuid": "5cf7aeaa-4c35-4bef-90d1-1fc245d457d0",
              "parentUUID": "dfe9b8e8-7c37-444d-8ea8-a6d86ccf443c",
              "isHook": false,
              "skipped": false
            },
            {
              "title": "给汽车引擎加水是不能接受的事情",
              "fullTitle": "Demo 给汽车引擎加水是不能接受的事情",
              "timedOut": false,
              "duration": 0,
              "state": "passed",
              "speed": "fast",
              "pass": true,
              "fail": false,
              "pending": false,
              "context": null,
              "code": "expect(demo.engine.bind(demo,\"water\")).to.throw(\"not accept\")",
              "err": {},
              "uuid": "e83812f7-41ff-4d34-864b-02656f761d6b",
              "parentUUID": "dfe9b8e8-7c37-444d-8ea8-a6d86ccf443c",
              "isHook": false,
              "skipped": false
            }
          ],
          "suites": [],
          "passes": [
            "bf4739f8-fabf-4d36-b6de-94635a038070",
            "aedbb404-0bef-467f-aca1-db2120d7594c",
            "2ae67495-36f8-4894-a18d-918b79645be5",
            "a7c354c0-e3cf-4460-96e0-32d340f811f7",
            "46c63eb8-bfea-4847-94b6-49c71875766e",
            "5cf7aeaa-4c35-4bef-90d1-1fc245d457d0",
            "e83812f7-41ff-4d34-864b-02656f761d6b"
          ],
          "failures": [],
          "pending": [],
          "skipped": [],
          "duration": 6235,
          "root": false,
          "rootEmpty": false,
          "_timeout": 5000
        },
        {
          "uuid": "de8d0067-d4ca-4b8b-93ca-4869f95a6534",
          "title": "Demo",
          "fullFile": "/Users/design_work/Desktop/vue-test/vue-test/test/demo.js",
          "file": "/test/demo.js",
          "beforeHooks": [],
          "afterHooks": [],
          "tests": [],
          "suites": [
            {
              "uuid": "0d5fb887-a449-4056-b203-cb18792104e0",
              "title": "方法 1",
              "fullFile": "/Users/design_work/Desktop/vue-test/vue-test/test/demo.js",
              "file": "/test/demo.js",
              "beforeHooks": [],
              "afterHooks": [],
              "tests": [],
              "suites": [
                {
                  "uuid": "d47f8729-004a-4f7e-9589-d4e99eca7042",
                  "title": "情境 1",
                  "fullFile": "/Users/design_work/Desktop/vue-test/vue-test/test/demo.js",
                  "file": "/test/demo.js",
                  "beforeHooks": [
                    {
                      "title": "\"before all\" hook",
                      "fullTitle": "Demo 方法 1 情境 1 \"before all\" hook",
                      "timedOut": false,
                      "duration": 0,
                      "state": null,
                      "speed": null,
                      "pass": false,
                      "fail": false,
                      "pending": false,
                      "context": null,
                      "code": "console.log(\"-----测试之前------\");",
                      "err": {},
                      "uuid": "572a6cb8-198f-40fe-b7ff-7f9c30530649",
                      "parentUUID": "d47f8729-004a-4f7e-9589-d4e99eca7042",
                      "isHook": true,
                      "skipped": false
                    },
                    {
                      "title": "\"before each\" hook",
                      "fullTitle": "Demo 方法 1 情境 1 \"before each\" hook",
                      "timedOut": false,
                      "duration": 0,
                      "state": null,
                      "speed": null,
                      "pass": false,
                      "fail": false,
                      "pending": false,
                      "context": null,
                      "code": "console.log(\"-------每条测试之前---------\");",
                      "err": {},
                      "uuid": "5cee7755-9ef9-404f-991f-c5ad6e0c89de",
                      "parentUUID": "d47f8729-004a-4f7e-9589-d4e99eca7042",
                      "isHook": true,
                      "skipped": false
                    }
                  ],
                  "afterHooks": [
                    {
                      "title": "\"after all\" hook",
                      "fullTitle": "Demo 方法 1 情境 1 \"after all\" hook",
                      "timedOut": false,
                      "duration": 0,
                      "state": null,
                      "speed": null,
                      "pass": false,
                      "fail": false,
                      "pending": false,
                      "context": null,
                      "code": "console.log(\"-----测试之后------\");",
                      "err": {},
                      "uuid": "f608d68a-4ea3-4fb9-8001-778b6548719c",
                      "parentUUID": "d47f8729-004a-4f7e-9589-d4e99eca7042",
                      "isHook": true,
                      "skipped": false
                    },
                    {
                      "title": "\"after each\" hook",
                      "fullTitle": "Demo 方法 1 情境 1 \"after each\" hook",
                      "timedOut": false,
                      "duration": 0,
                      "state": null,
                      "speed": null,
                      "pass": false,
                      "fail": false,
                      "pending": false,
                      "context": null,
                      "code": "console.log(\"-------每条测试之后---------\");",
                      "err": {},
                      "uuid": "6fdaf97d-86f9-45d3-9e1c-5253c105129e",
                      "parentUUID": "d47f8729-004a-4f7e-9589-d4e99eca7042",
                      "isHook": true,
                      "skipped": false
                    }
                  ],
                  "tests": [
                    {
                      "title": "测试 1",
                      "fullTitle": "Demo 方法 1 情境 1 测试 1",
                      "timedOut": false,
                      "duration": 0,
                      "state": "passed",
                      "speed": "fast",
                      "pass": true,
                      "fail": false,
                      "pending": false,
                      "context": null,
                      "code": "",
                      "err": {},
                      "uuid": "0ada048f-94be-486e-a03d-ca77ecd0b2b1",
                      "parentUUID": "d47f8729-004a-4f7e-9589-d4e99eca7042",
                      "isHook": false,
                      "skipped": false
                    },
                    {
                      "title": "测试 2",
                      "fullTitle": "Demo 方法 1 情境 1 测试 2",
                      "timedOut": false,
                      "duration": 0,
                      "state": "passed",
                      "speed": "fast",
                      "pass": true,
                      "fail": false,
                      "pending": false,
                      "context": null,
                      "code": "",
                      "err": {},
                      "uuid": "1cdaae28-f105-422f-8770-e80474c48998",
                      "parentUUID": "d47f8729-004a-4f7e-9589-d4e99eca7042",
                      "isHook": false,
                      "skipped": false
                    }
                  ],
                  "suites": [],
                  "passes": [
                    "0ada048f-94be-486e-a03d-ca77ecd0b2b1",
                    "1cdaae28-f105-422f-8770-e80474c48998"
                  ],
                  "failures": [],
                  "pending": [],
                  "skipped": [],
                  "duration": 0,
                  "root": false,
                  "rootEmpty": false,
                  "_timeout": 5000
                }
              ],
              "passes": [],
              "failures": [],
              "pending": [],
              "skipped": [],
              "duration": 0,
              "root": false,
              "rootEmpty": false,
              "_timeout": 5000
            }
          ],
          "passes": [],
          "failures": [],
          "pending": [],
          "skipped": [],
          "duration": 0,
          "root": false,
          "rootEmpty": false,
          "_timeout": 5000
        }
      ],
      "passes": [],
      "failures": [],
      "pending": [],
      "skipped": [],
      "duration": 0,
      "root": true,
      "rootEmpty": true,
      "_timeout": 5000
    }
  ],
  "meta": {
    "mocha": {
      "version": "6.1.4"
    },
    "mochawesome": {
      "options": {
        "quiet": false,
        "reportFilename": "mochawesome",
        "saveHtml": true,
        "saveJson": true,
        "useInlineDiffs": false
      },
      "version": "4.0.1"
    },
    "marge": {
      "options": null,
      "version": "4.0.1"
    }
  }
}